1585197324.023566 client started (8101): version 2.6, socket /tmp/tmux-1000/default, protocol 8
1585197324.023588 on Linux 5.3.0-42-generic #34~18.04.1-Ubuntu SMP Fri Feb 28 13:42:26 UTC 2020; libevent 2.1.8-stable (poll)
1585197324.023602 socket is /tmp/tmux-1000/default
1585197324.023611 trying connect
1585197324.023656 add peer 0x55a7604b4af0: 6 ((nil))
1585197324.023697 sending message 100 to peer 0x55a7604b4af0 (4 bytes)
1585197324.023703 sending message 101 to peer 0x55a7604b4af0 (16 bytes)
1585197324.023706 sending message 102 to peer 0x55a7604b4af0 (11 bytes)
1585197324.023708 sending message 108 to peer 0x55a7604b4af0 (28 bytes)
1585197324.023712 sending message 104 to peer 0x55a7604b4af0 (0 bytes)
1585197324.023715 sending message 107 to peer 0x55a7604b4af0 (4 bytes)
1585197324.023719 sending message 105 to peer 0x55a7604b4af0 (22 bytes)
1585197324.023722 sending message 105 to peer 0x55a7604b4af0 (20 bytes)
1585197324.023725 sending message 105 to peer 0x55a7604b4af0 (54 bytes)
1585197324.023728 sending message 105 to peer 0x55a7604b4af0 (51 bytes)
1585197324.023730 sending message 105 to peer 0x55a7604b4af0 (70 bytes)
1585197324.023733 sending message 105 to peer 0x55a7604b4af0 (23 bytes)
1585197324.023735 sending message 105 to peer 0x55a7604b4af0 (11 bytes)
1585197324.023738 sending message 105 to peer 0x55a7604b4af0 (18 bytes)
1585197324.023740 sending message 105 to peer 0x55a7604b4af0 (88 bytes)
1585197324.023743 sending message 105 to peer 0x55a7604b4af0 (35 bytes)
1585197324.023745 sending message 105 to peer 0x55a7604b4af0 (44 bytes)
1585197324.023748 sending message 105 to peer 0x55a7604b4af0 (32 bytes)
1585197324.023750 sending message 105 to peer 0x55a7604b4af0 (52 bytes)
1585197324.023753 sending message 105 to peer 0x55a7604b4af0 (19 bytes)
1585197324.023756 sending message 105 to peer 0x55a7604b4af0 (28 bytes)
1585197324.023760 sending message 105 to peer 0x55a7604b4af0 (21 bytes)
1585197324.023762 sending message 105 to peer 0x55a7604b4af0 (18 bytes)
1585197324.023765 sending message 105 to peer 0x55a7604b4af0 (18 bytes)
1585197324.023767 sending message 105 to peer 0x55a7604b4af0 (17 bytes)
1585197324.023770 sending message 105 to peer 0x55a7604b4af0 (8 bytes)
1585197324.023772 sending message 105 to peer 0x55a7604b4af0 (18 bytes)
1585197324.023775 sending message 105 to peer 0x55a7604b4af0 (32 bytes)
1585197324.023778 sending message 105 to peer 0x55a7604b4af0 (1516 bytes)
1585197324.023786 sending message 105 to peer 0x55a7604b4af0 (54 bytes)
1585197324.023790 sending message 105 to peer 0x55a7604b4af0 (29 bytes)
1585197324.023793 sending message 105 to peer 0x55a7604b4af0 (35 bytes)
1585197324.023795 sending message 105 to peer 0x55a7604b4af0 (11 bytes)
1585197324.023798 sending message 105 to peer 0x55a7604b4af0 (236 bytes)
1585197324.023801 sending message 105 to peer 0x55a7604b4af0 (32 bytes)
1585197324.023803 sending message 105 to peer 0x55a7604b4af0 (18 bytes)
1585197324.023806 sending message 105 to peer 0x55a7604b4af0 (19 bytes)
1585197324.023809 sending message 105 to peer 0x55a7604b4af0 (18 bytes)
1585197324.023811 sending message 105 to peer 0x55a7604b4af0 (88 bytes)
1585197324.023814 sending message 105 to peer 0x55a7604b4af0 (19 bytes)
1585197324.023817 sending message 105 to peer 0x55a7604b4af0 (8 bytes)
1585197324.023819 sending message 105 to peer 0x55a7604b4af0 (19 bytes)
1585197324.023822 sending message 105 to peer 0x55a7604b4af0 (41 bytes)
1585197324.023825 sending message 105 to peer 0x55a7604b4af0 (21 bytes)
1585197324.023827 sending message 105 to peer 0x55a7604b4af0 (61 bytes)
1585197324.023830 sending message 105 to peer 0x55a7604b4af0 (21 bytes)
1585197324.023833 sending message 105 to peer 0x55a7604b4af0 (33 bytes)
1585197324.023835 sending message 105 to peer 0x55a7604b4af0 (35 bytes)
1585197324.023838 sending message 105 to peer 0x55a7604b4af0 (13 bytes)
1585197324.023841 sending message 105 to peer 0x55a7604b4af0 (56 bytes)
1585197324.023843 sending message 105 to peer 0x55a7604b4af0 (15 bytes)
1585197324.023846 sending message 105 to peer 0x55a7604b4af0 (19 bytes)
1585197324.023852 sending message 105 to peer 0x55a7604b4af0 (37 bytes)
1585197324.023855 sending message 105 to peer 0x55a7604b4af0 (18 bytes)
1585197324.023858 sending message 105 to peer 0x55a7604b4af0 (13 bytes)
1585197324.023860 sending message 105 to peer 0x55a7604b4af0 (41 bytes)
1585197324.023863 sending message 105 to peer 0x55a7604b4af0 (45 bytes)
1585197324.023866 sending message 105 to peer 0x55a7604b4af0 (33 bytes)
1585197324.023869 sending message 105 to peer 0x55a7604b4af0 (85 bytes)
1585197324.023871 sending message 105 to peer 0x55a7604b4af0 (23 bytes)
1585197324.023874 sending message 105 to peer 0x55a7604b4af0 (31 bytes)
1585197324.023877 sending message 105 to peer 0x55a7604b4af0 (15 bytes)
1585197324.023879 sending message 105 to peer 0x55a7604b4af0 (27 bytes)
1585197324.023882 sending message 105 to peer 0x55a7604b4af0 (17 bytes)
1585197324.023885 sending message 105 to peer 0x55a7604b4af0 (21 bytes)
1585197324.023887 sending message 105 to peer 0x55a7604b4af0 (11 bytes)
1585197324.023890 sending message 105 to peer 0x55a7604b4af0 (20 bytes)
1585197324.023893 sending message 105 to peer 0x55a7604b4af0 (31 bytes)
1585197324.023895 sending message 105 to peer 0x55a7604b4af0 (16 bytes)
1585197324.023898 sending message 105 to peer 0x55a7604b4af0 (16 bytes)
1585197324.023901 sending message 106 to peer 0x55a7604b4af0 (0 bytes)
1585197324.023904 sending message 200 to peer 0x55a7604b4af0 (4 bytes)
1585197324.023906 client loop enter
1585197324.024307 peer 0x55a7604b4af0 message 211
1585197324.024325 peer 0x55a7604b4af0 message 203
1585197324.024330 client loop exit
